[debug] > Exec(reload, None, None)
[debug] > Exec(sbtStashOnFailure, None, None)
[debug] > Exec(onFailure loadFailed, None, None)
[debug] > Exec(loadp, None, None)
[info] welcome to sbt 1.6.2 (Oracle Corporation Java 17.0.2)
[debug]       Load.loadUnit: plugins took 24.1453ms
[debug]       Load.loadUnit: defsScala took 0.0083ms
[debug] [Loading] Scanning directory C:\Users\pawel\.sbt\1.0\plugins
[debug] [Loading] Found non-root projects 
[debug] [Loading] Done in C:\Users\pawel\.sbt\1.0\plugins, returning: ()
[debug] deducing auto plugins based on known facts Set(Atom(sbt.plugins.CorePlugin)) and clauses Clauses(Clause(Atom(sbt.plugins.JvmPlugin),Set(Atom(sbt.plugins.IvyPlugin)))
[debug] Clause(Atom(sbt.ScriptedPlugin),Set(Atom(sbt.plugins.JvmPlugin)))
[debug] Clause(Atom(sbt.plugins.SbtPlugin),Set(Atom(sbt.ScriptedPlugin)))
[debug] Clause(Atom(sbt.plugins.SemanticdbPlugin),Set(Atom(sbt.plugins.JvmPlugin)))
[debug] Clause(Atom(sbt.plugins.JUnitXmlReportPlugin),Set(Atom(sbt.plugins.JvmPlugin)))
[debug] Clause(Atom(sbt.plugins.MiniDependencyTreePlugin),Set(Atom(sbt.plugins.JvmPlugin)))
[debug] Clause(Atom(sbt.plugins.CorePlugin),Set(Atom(sbt.plugins.IvyPlugin)))
[debug] Clause(Atom(sbt.plugins.IvyPlugin),Set(Atom(sbt.plugins.JvmPlugin)))
[debug] Clause(Atom(sbt.plugins.JvmPlugin),Set(Atom(sbt.plugins.SemanticdbPlugin)))
[debug] Clause(Atom(sbt.plugins.JvmPlugin),Set(Atom(sbt.plugins.JUnitXmlReportPlugin)))
[debug] Clause(Atom(sbt.plugins.CorePlugin),Set(Atom(sbt.plugins.Giter8TemplatePlugin)))
[debug] Clause(Atom(sbt.plugins.JvmPlugin),Set(Atom(sbt.plugins.MiniDependencyTreePlugin))))
[debug]   :: deduced result: Matched(sbt.plugins.CorePlugin,sbt.plugins.Giter8TemplatePlugin,sbt.plugins.IvyPlugin,sbt.plugins.JvmPlugin,sbt.plugins.MiniDependencyTreePlugin,sbt.plugins.JUnitXmlReportPlugin,sbt.plugins.SemanticdbPlugin)
[debug] Plugins.deducer#function took 3.8072 ms
[debug]           Load.resolveProject(global-plugins) took 2.0185ms
[debug]         Load.loadTransitive: finalizeProject(Project(id global-plugins, base: C:\Users\pawel\.sbt\1.0\plugins, plugins: List(<none>))) took 6.5052ms
[debug] [Loading] Done in C:\Users\pawel\.sbt\1.0\plugins, returning: (global-plugins)
[debug]       Load.loadUnit: loadedProjectsRaw took 7.789ms
[debug]       Load.loadUnit: cleanEvalClasses took 0.0166ms
[debug]     Load.loadUnit(file:/C:/Users/pawel/.sbt/1.0/plugins/, ...) took 33.0998ms
[debug]   Load.apply: load took 35.0221ms
[debug]   Load.apply: resolveProjects took 0.1945ms
[debug]   Load.apply: finalTransforms took 13.6268ms
[debug]   Load.apply: config.delegates took 0.4574ms
[debug]   Load.apply: Def.make(settings)... took 82.2958ms
[debug]   Load.apply: structureIndex took 20.1837ms
[debug]   Load.apply: mkStreams took 0.007ms
[info] loading global plugins from C:\Users\pawel\.sbt\1.0\plugins
[debug] Running task... Cancel: Signal, check cycles: false, forcegc: true
[debug] Load.defaultLoad until apply took 385.5592ms
[debug]           Load.loadUnit: plugins took 23.3192ms
[debug]           Load.loadUnit: defsScala took 0.0047ms
[debug] [Loading] Scanning directory C:\Users\pawel\Desktop\SCALA\Crypto\project
[debug]             Load.loadUnit: mkEval took 0.3789ms
[debug] [Loading] Found non-root projects 
[debug] [Loading] Done in C:\Users\pawel\Desktop\SCALA\Crypto\project, returning: ()
[debug] deducing auto plugins based on known facts Set(Atom(sbt.plugins.CorePlugin)) and clauses Clauses(Clause(Atom(sbt.plugins.JvmPlugin),Set(Atom(sbt.plugins.IvyPlugin)))
[debug] Clause(Atom(sbt.ScriptedPlugin),Set(Atom(sbt.plugins.JvmPlugin)))
[debug] Clause(Atom(sbt.plugins.SbtPlugin),Set(Atom(sbt.ScriptedPlugin)))
[debug] Clause(Atom(sbt.plugins.SemanticdbPlugin),Set(Atom(sbt.plugins.JvmPlugin)))
[debug] Clause(Atom(sbt.plugins.JUnitXmlReportPlugin),Set(Atom(sbt.plugins.JvmPlugin)))
[debug] Clause(Atom(sbt.plugins.MiniDependencyTreePlugin),Set(Atom(sbt.plugins.JvmPlugin)))
[debug] Clause(Atom(sbt.plugins.CorePlugin),Set(Atom(sbt.plugins.IvyPlugin)))
[debug] Clause(Atom(sbt.plugins.IvyPlugin),Set(Atom(sbt.plugins.JvmPlugin)))
[debug] Clause(Atom(sbt.plugins.JvmPlugin),Set(Atom(sbt.plugins.SemanticdbPlugin)))
[debug] Clause(Atom(sbt.plugins.JvmPlugin),Set(Atom(sbt.plugins.JUnitXmlReportPlugin)))
[debug] Clause(Atom(sbt.plugins.CorePlugin),Set(Atom(sbt.plugins.Giter8TemplatePlugin)))
[debug] Clause(Atom(sbt.plugins.JvmPlugin),Set(Atom(sbt.plugins.MiniDependencyTreePlugin))))
[debug]   :: deduced result: Matched(sbt.plugins.CorePlugin,sbt.plugins.Giter8TemplatePlugin,sbt.plugins.IvyPlugin,sbt.plugins.JvmPlugin,sbt.plugins.MiniDependencyTreePlugin,sbt.plugins.JUnitXmlReportPlugin,sbt.plugins.SemanticdbPlugin)
[debug] Plugins.deducer#function took 1.1583 ms
[info] loading settings for project crypto-build from plugins.sbt,idea2.sbt ...
[debug]               Load.resolveProject(crypto-build) took 4.0376ms
[debug]             Load.loadTransitive: finalizeProject(Project(id crypto-build, base: C:\Users\pawel\Desktop\SCALA\Crypto\project, plugins: List(<none>))) took 5.6662ms
[debug] [Loading] Done in C:\Users\pawel\Desktop\SCALA\Crypto\project, returning: (crypto-build)
[debug]           Load.loadUnit: loadedProjectsRaw took 38.2287ms
[debug]           Load.loadUnit: cleanEvalClasses took 8.8193ms
[debug]         Load.loadUnit(file:/C:/Users/pawel/Desktop/SCALA/Crypto/project/, ...) took 71.4234ms
[debug]       Load.apply: load took 73.0475ms
[debug]       Load.apply: resolveProjects took 0.1233ms
[debug]       Load.apply: finalTransforms took 10.7892ms
[debug]       Load.apply: config.delegates took 0.5482ms
[debug]       Load.apply: Def.make(settings)... took 57.6444ms
[debug]       Load.apply: structureIndex took 20.2861ms
[debug]       Load.apply: mkStreams took 0.0051ms
[info] loading project definition from C:\Users\pawel\Desktop\SCALA\Crypto\project
[debug] Running task... Cancel: Signal, check cycles: false, forcegc: true
[debug]     Load.loadUnit: plugins took 357.2275ms
[debug]     Load.loadUnit: defsScala took 0.0052ms
[debug] [Loading] Scanning directory C:\Users\pawel\Desktop\SCALA\Crypto
[debug]       Load.loadUnit: mkEval took 0.6935ms
[debug] [Loading] Found root project root w/ remaining 
[debug] deducing auto plugins based on known facts Set(Atom(sbt.plugins.CorePlugin)) and clauses Clauses(Clause(Atom(sbt.plugins.JvmPlugin),Set(Atom(sbt.plugins.IvyPlugin)))
[debug] Clause(Atom(sbt.ScriptedPlugin),Set(Atom(sbt.plugins.JvmPlugin)))
[debug] Clause(Atom(sbt.plugins.SbtPlugin),Set(Atom(sbt.ScriptedPlugin)))
[debug] Clause(Atom(sbt.plugins.SemanticdbPlugin),Set(Atom(sbt.plugins.JvmPlugin)))
[debug] Clause(Atom(sbt.plugins.JUnitXmlReportPlugin),Set(Atom(sbt.plugins.JvmPlugin)))
[debug] Clause(Atom(sbt.plugins.MiniDependencyTreePlugin),Set(Atom(sbt.plugins.JvmPlugin)))
[debug] Clause(Atom(sbtide.ConfigPlugin),Set(Atom(sbt.plugins.JvmPlugin)))
[debug] Clause(Atom(org.jetbrains.sbt.StructurePlugin),Set(Atom(sbt.plugins.JvmPlugin)))
[debug] Clause(Atom(org.jetbrains.sbt.IdeaShellPlugin),Set(Atom(sbt.plugins.JvmPlugin)))
[debug] Clause(Atom(org.jetbrains.sbt.indices.SbtIntellijIndicesPlugin),Set(Atom(sbt.plugins.JvmPlugin)))
[debug] Clause(Atom(sbt.plugins.CorePlugin),Set(Atom(sbt.plugins.IvyPlugin)))
[debug] Clause(Atom(sbt.plugins.IvyPlugin),Set(Atom(sbt.plugins.JvmPlugin)))
[debug] Clause(Atom(sbt.plugins.JvmPlugin),Set(Atom(sbt.plugins.SemanticdbPlugin)))
[debug] Clause(Atom(sbt.plugins.JvmPlugin),Set(Atom(sbt.plugins.JUnitXmlReportPlugin)))
[debug] Clause(Atom(sbt.plugins.CorePlugin),Set(Atom(sbt.plugins.Giter8TemplatePlugin)))
[debug] Clause(Atom(sbt.plugins.JvmPlugin),Set(Atom(sbt.plugins.MiniDependencyTreePlugin)))
[debug] Clause(Atom(sbt.plugins.JvmPlugin),Set(Atom(org.jetbrains.sbt.StructurePlugin)))
[debug] Clause(Atom(sbt.plugins.JvmPlugin),Set(Atom(org.jetbrains.sbt.IdeaShellPlugin)))
[debug] Clause(And(Set(Atom(sbt.plugins.CorePlugin), Atom(sbt.plugins.JvmPlugin))),Set(Atom(org.jetbrains.sbt.indices.SbtIntellijIndicesPlugin))))
[debug]   :: deduced result: Matched(sbt.plugins.CorePlugin,sbt.plugins.Giter8TemplatePlugin,sbt.plugins.IvyPlugin,sbt.plugins.JvmPlugin,sbt.plugins.SemanticdbPlugin,org.jetbrains.sbt.indices.SbtIntellijIndicesPlugin,sbt.plugins.JUnitXmlReportPlugin,org.jetbrains.sbt.IdeaShellPlugin,org.jetbrains.sbt.StructurePlugin,sbt.plugins.MiniDependencyTreePlugin)
[debug] Plugins.deducer#function took 1.7772 ms
[info] loading settings for project root from build.sbt ...
[debug]         Load.resolveProject(root) took 57.6464ms
[debug]       Load.loadTransitive: finalizeProject(Project(id root, base: C:\Users\pawel\Desktop\SCALA\Crypto, plugins: List(<none>))) took 60.1959ms
[debug] [Loading] Done in C:\Users\pawel\Desktop\SCALA\Crypto, returning: (root)
[debug]     Load.loadUnit: loadedProjectsRaw took 143.2934ms
[debug]     Load.loadUnit: cleanEvalClasses took 12.0929ms
[debug]   Load.loadUnit(file:/C:/Users/pawel/Desktop/SCALA/Crypto/, ...) took 513.6693ms
[debug] Load.apply: load took 515.2754ms
[debug] Load.apply: resolveProjects took 0.1291ms
[debug] Load.apply: finalTransforms took 25.3818ms
[debug] Load.apply: config.delegates took 0.3926ms
[debug] Load.apply: Def.make(settings)... took 91.104ms
[debug] Load.apply: structureIndex took 24.5716ms
[debug] Load.apply: mkStreams took 0.0071ms
[info] set current project to Crypto (in build file:/C:/Users/pawel/Desktop/SCALA/Crypto/)
[warn] there's a key that's not used by any other settings/tasks:
[warn]  
[warn] * root / idePackagePrefix
[warn]   +- C:\Users\pawel\Desktop\SCALA\Crypto\build.sbt:8
[warn]  
[warn] note: a setting might still be used by a command; to exclude a key from this `lintUnused` check
[warn] either append it to `Global / excludeLintKeys` or call .withRank(KeyRanks.Invisible) on the key
[debug] > Exec(sbtPopOnFailure, None, None)
[debug] > Exec(resumeFromFailure, None, None)
[debug] > Exec(idea-shell, None, None)
