[debug] > Exec(reload, None, None)
[debug] > Exec(sbtStashOnFailure, None, None)
[debug] > Exec(onFailure loadFailed, None, None)
[debug] > Exec(loadp, None, None)
[info] welcome to sbt 1.6.2 (Oracle Corporation Java 17.0.2)
[debug]       Load.loadUnit: plugins took 25.7724ms
[debug]       Load.loadUnit: defsScala took 0.0053ms
[debug] [Loading] Scanning directory C:\Users\pawel\.sbt\1.0\plugins
[debug] [Loading] Found non-root projects 
[debug] [Loading] Done in C:\Users\pawel\.sbt\1.0\plugins, returning: ()
[debug] deducing auto plugins based on known facts Set(Atom(sbt.plugins.CorePlugin)) and clauses Clauses(Clause(Atom(sbt.plugins.JvmPlugin),Set(Atom(sbt.plugins.IvyPlugin)))
[debug] Clause(Atom(sbt.ScriptedPlugin),Set(Atom(sbt.plugins.JvmPlugin)))
[debug] Clause(Atom(sbt.plugins.SbtPlugin),Set(Atom(sbt.ScriptedPlugin)))
[debug] Clause(Atom(sbt.plugins.SemanticdbPlugin),Set(Atom(sbt.plugins.JvmPlugin)))
[debug] Clause(Atom(sbt.plugins.JUnitXmlReportPlugin),Set(Atom(sbt.plugins.JvmPlugin)))
[debug] Clause(Atom(sbt.plugins.MiniDependencyTreePlugin),Set(Atom(sbt.plugins.JvmPlugin)))
[debug] Clause(Atom(sbt.plugins.CorePlugin),Set(Atom(sbt.plugins.IvyPlugin)))
[debug] Clause(Atom(sbt.plugins.IvyPlugin),Set(Atom(sbt.plugins.JvmPlugin)))
[debug] Clause(Atom(sbt.plugins.JvmPlugin),Set(Atom(sbt.plugins.SemanticdbPlugin)))
[debug] Clause(Atom(sbt.plugins.JvmPlugin),Set(Atom(sbt.plugins.JUnitXmlReportPlugin)))
[debug] Clause(Atom(sbt.plugins.CorePlugin),Set(Atom(sbt.plugins.Giter8TemplatePlugin)))
[debug] Clause(Atom(sbt.plugins.JvmPlugin),Set(Atom(sbt.plugins.MiniDependencyTreePlugin))))
[debug]   :: deduced result: Matched(sbt.plugins.CorePlugin,sbt.plugins.Giter8TemplatePlugin,sbt.plugins.IvyPlugin,sbt.plugins.JvmPlugin,sbt.plugins.MiniDependencyTreePlugin,sbt.plugins.JUnitXmlReportPlugin,sbt.plugins.SemanticdbPlugin)
[debug] Plugins.deducer#function took 1.803 ms
[debug]           Load.resolveProject(global-plugins) took 2.086799ms
[debug]         Load.loadTransitive: finalizeProject(Project(id global-plugins, base: C:\Users\pawel\.sbt\1.0\plugins, plugins: List(<none>))) took 4.621601ms
[debug] [Loading] Done in C:\Users\pawel\.sbt\1.0\plugins, returning: (global-plugins)
[debug]       Load.loadUnit: loadedProjectsRaw took 5.9994ms
[debug]       Load.loadUnit: cleanEvalClasses took 0.0301ms
[debug]     Load.loadUnit(file:/C:/Users/pawel/.sbt/1.0/plugins/, ...) took 33.016401ms
[debug]   Load.apply: load took 35.0617ms
[debug]   Load.apply: resolveProjects took 0.160799ms
[debug]   Load.apply: finalTransforms took 7.9364ms
[debug]   Load.apply: config.delegates took 0.417301ms
[debug]   Load.apply: Def.make(settings)... took 85.277ms
[debug]   Load.apply: structureIndex took 19.439201ms
[debug]   Load.apply: mkStreams took 0.004701ms
[info] loading global plugins from C:\Users\pawel\.sbt\1.0\plugins
[debug] Running task... Cancel: Signal, check cycles: false, forcegc: true
[debug] Forcing garbage collection...
[debug] Load.defaultLoad until apply took 727.495899ms
[debug]           Load.loadUnit: plugins took 24.821199ms
[debug]           Load.loadUnit: defsScala took 0.0059ms
[debug] [Loading] Scanning directory C:\Users\pawel\Desktop\SCALA\Crypto\project
[debug]             Load.loadUnit: mkEval took 0.3825ms
[debug] [Loading] Found non-root projects 
[debug] [Loading] Done in C:\Users\pawel\Desktop\SCALA\Crypto\project, returning: ()
[debug] deducing auto plugins based on known facts Set(Atom(sbt.plugins.CorePlugin)) and clauses Clauses(Clause(Atom(sbt.plugins.JvmPlugin),Set(Atom(sbt.plugins.IvyPlugin)))
[debug] Clause(Atom(sbt.ScriptedPlugin),Set(Atom(sbt.plugins.JvmPlugin)))
[debug] Clause(Atom(sbt.plugins.SbtPlugin),Set(Atom(sbt.ScriptedPlugin)))
[debug] Clause(Atom(sbt.plugins.SemanticdbPlugin),Set(Atom(sbt.plugins.JvmPlugin)))
[debug] Clause(Atom(sbt.plugins.JUnitXmlReportPlugin),Set(Atom(sbt.plugins.JvmPlugin)))
[debug] Clause(Atom(sbt.plugins.MiniDependencyTreePlugin),Set(Atom(sbt.plugins.JvmPlugin)))
[debug] Clause(Atom(sbt.plugins.CorePlugin),Set(Atom(sbt.plugins.IvyPlugin)))
[debug] Clause(Atom(sbt.plugins.IvyPlugin),Set(Atom(sbt.plugins.JvmPlugin)))
[debug] Clause(Atom(sbt.plugins.JvmPlugin),Set(Atom(sbt.plugins.SemanticdbPlugin)))
[debug] Clause(Atom(sbt.plugins.JvmPlugin),Set(Atom(sbt.plugins.JUnitXmlReportPlugin)))
[debug] Clause(Atom(sbt.plugins.CorePlugin),Set(Atom(sbt.plugins.Giter8TemplatePlugin)))
[debug] Clause(Atom(sbt.plugins.JvmPlugin),Set(Atom(sbt.plugins.MiniDependencyTreePlugin))))
[debug]   :: deduced result: Matched(sbt.plugins.CorePlugin,sbt.plugins.Giter8TemplatePlugin,sbt.plugins.IvyPlugin,sbt.plugins.JvmPlugin,sbt.plugins.MiniDependencyTreePlugin,sbt.plugins.JUnitXmlReportPlugin,sbt.plugins.SemanticdbPlugin)
[debug] Plugins.deducer#function took 2.0739 ms
[info] loading settings for project crypto-build from plugins.sbt,idea2.sbt ...
[debug]               Load.resolveProject(crypto-build) took 10.8284ms
[debug]             Load.loadTransitive: finalizeProject(Project(id crypto-build, base: C:\Users\pawel\Desktop\SCALA\Crypto\project, plugins: List(<none>))) took 13.4947ms
[debug] [Loading] Done in C:\Users\pawel\Desktop\SCALA\Crypto\project, returning: (crypto-build)
[debug]           Load.loadUnit: loadedProjectsRaw took 47.183801ms
[debug]           Load.loadUnit: cleanEvalClasses took 9.9882ms
[debug]         Load.loadUnit(file:/C:/Users/pawel/Desktop/SCALA/Crypto/project/, ...) took 83.491999ms
[debug]       Load.apply: load took 85.36ms
[debug]       Load.apply: resolveProjects took 0.168599ms
[debug]       Load.apply: finalTransforms took 10.5649ms
[debug]       Load.apply: config.delegates took 0.445501ms
[debug]       Load.apply: Def.make(settings)... took 74.3084ms
[debug]       Load.apply: structureIndex took 26.6642ms
[debug]       Load.apply: mkStreams took 0.005099ms
[info] loading project definition from C:\Users\pawel\Desktop\SCALA\Crypto\project
[debug] Running task... Cancel: Signal, check cycles: false, forcegc: true
[debug]     Load.loadUnit: plugins took 385.5164ms
[debug]     Load.loadUnit: defsScala took 0.0252ms
[debug] [Loading] Scanning directory C:\Users\pawel\Desktop\SCALA\Crypto
[debug]       Load.loadUnit: mkEval took 0.374999ms
[debug] [Loading] Found root project root w/ remaining 
[debug] deducing auto plugins based on known facts Set(Atom(sbt.plugins.CorePlugin)) and clauses Clauses(Clause(Atom(sbt.plugins.JvmPlugin),Set(Atom(sbt.plugins.IvyPlugin)))
[debug] Clause(Atom(sbt.ScriptedPlugin),Set(Atom(sbt.plugins.JvmPlugin)))
[debug] Clause(Atom(sbt.plugins.SbtPlugin),Set(Atom(sbt.ScriptedPlugin)))
[debug] Clause(Atom(sbt.plugins.SemanticdbPlugin),Set(Atom(sbt.plugins.JvmPlugin)))
[debug] Clause(Atom(sbt.plugins.JUnitXmlReportPlugin),Set(Atom(sbt.plugins.JvmPlugin)))
[debug] Clause(Atom(sbt.plugins.MiniDependencyTreePlugin),Set(Atom(sbt.plugins.JvmPlugin)))
[debug] Clause(Atom(sbtide.ConfigPlugin),Set(Atom(sbt.plugins.JvmPlugin)))
[debug] Clause(Atom(org.jetbrains.sbt.StructurePlugin),Set(Atom(sbt.plugins.JvmPlugin)))
[debug] Clause(Atom(org.jetbrains.sbt.IdeaShellPlugin),Set(Atom(sbt.plugins.JvmPlugin)))
[debug] Clause(Atom(org.jetbrains.sbt.indices.SbtIntellijIndicesPlugin),Set(Atom(sbt.plugins.JvmPlugin)))
[debug] Clause(Atom(sbt.plugins.CorePlugin),Set(Atom(sbt.plugins.IvyPlugin)))
[debug] Clause(Atom(sbt.plugins.IvyPlugin),Set(Atom(sbt.plugins.JvmPlugin)))
[debug] Clause(Atom(sbt.plugins.JvmPlugin),Set(Atom(sbt.plugins.SemanticdbPlugin)))
[debug] Clause(Atom(sbt.plugins.JvmPlugin),Set(Atom(sbt.plugins.JUnitXmlReportPlugin)))
[debug] Clause(Atom(sbt.plugins.CorePlugin),Set(Atom(sbt.plugins.Giter8TemplatePlugin)))
[debug] Clause(Atom(sbt.plugins.JvmPlugin),Set(Atom(sbt.plugins.MiniDependencyTreePlugin)))
[debug] Clause(Atom(sbt.plugins.JvmPlugin),Set(Atom(org.jetbrains.sbt.StructurePlugin)))
[debug] Clause(Atom(sbt.plugins.JvmPlugin),Set(Atom(org.jetbrains.sbt.IdeaShellPlugin)))
[debug] Clause(And(Set(Atom(sbt.plugins.CorePlugin), Atom(sbt.plugins.JvmPlugin))),Set(Atom(org.jetbrains.sbt.indices.SbtIntellijIndicesPlugin))))
[debug]   :: deduced result: Matched(sbt.plugins.CorePlugin,sbt.plugins.Giter8TemplatePlugin,sbt.plugins.IvyPlugin,sbt.plugins.JvmPlugin,sbt.plugins.SemanticdbPlugin,org.jetbrains.sbt.indices.SbtIntellijIndicesPlugin,sbt.plugins.JUnitXmlReportPlugin,org.jetbrains.sbt.IdeaShellPlugin,org.jetbrains.sbt.StructurePlugin,sbt.plugins.MiniDependencyTreePlugin)
[debug] Plugins.deducer#function took 1.7431 ms
[info] loading settings for project root from build.sbt ...
[debug]         Load.resolveProject(root) took 54.3565ms
[debug]       Load.loadTransitive: finalizeProject(Project(id root, base: C:\Users\pawel\Desktop\SCALA\Crypto, plugins: List(<none>))) took 56.8055ms
[debug] [Loading] Done in C:\Users\pawel\Desktop\SCALA\Crypto, returning: (root)
[debug]     Load.loadUnit: loadedProjectsRaw took 655.804199ms
[debug]     Load.loadUnit: cleanEvalClasses took 13.145001ms
[debug]   Load.loadUnit(file:/C:/Users/pawel/Desktop/SCALA/Crypto/, ...) took 1055.6741ms
[debug] Load.apply: load took 1057.620499ms
[debug] Load.apply: resolveProjects took 0.118301ms
[debug] Load.apply: finalTransforms took 20.5658ms
[debug] Load.apply: config.delegates took 0.4489ms
[debug] Load.apply: Def.make(settings)... took 51.2417ms
[debug] Load.apply: structureIndex took 13.944901ms
[debug] Load.apply: mkStreams took 0.003201ms
[info] set current project to Crypto (in build file:/C:/Users/pawel/Desktop/SCALA/Crypto/)
[warn] there's a key that's not used by any other settings/tasks:
[warn]  
[warn] * root / idePackagePrefix
[warn]   +- C:\Users\pawel\Desktop\SCALA\Crypto\build.sbt:8
[warn]  
[warn] note: a setting might still be used by a command; to exclude a key from this `lintUnused` check
[warn] either append it to `Global / excludeLintKeys` or call .withRank(KeyRanks.Invisible) on the key
[debug] > Exec(sbtPopOnFailure, None, None)
[debug] > Exec(resumeFromFailure, None, None)
[debug] > Exec(idea-shell, None, None)
